<?xml version="1.0" encoding="UTF-8"?>
<!-- Generated by org.testng.reporters.JUnitXMLReporter -->
<testsuite hostname="DESKTOP-39VG3MM" ignored="0" name="Run On Chrome" tests="3" failures="2" timestamp="12 Aug 2021 10:31:58 GMT" time="21.183" errors="0">
  <testcase name="Tc_01_Validate_At_Register" time="4.412" classname="users.Level_19_Register_Login_Data_Test_02"/>
  <testcase name="Tc_02_Register_Success" time="0.0" classname="users.Level_19_Register_Login_Data_Test_02">
    <failure type="org.testng.TestNGException" message="
Parameter &amp;apos;firstName&amp;apos; is required by @Test on method Tc_02_Register_Success but has not been marked @Optional or defined
in D:\Workspace Intel\maven-nopcommer\src\test\resources\runUserTestcase.xml">
      <![CDATA[org.testng.TestNGException: 
Parameter 'firstName' is required by @Test on method Tc_02_Register_Success but has not been marked @Optional or defined
in D:\Workspace Intel\maven-nopcommer\src\test\resources\runUserTestcase.xml
... Removed 28 stack frames]]>
    </failure>
  </testcase> <!-- Tc_02_Register_Success -->
  <testcase name="Tc_03_Login_Success" time="0.0" classname="users.Level_19_Register_Login_Data_Test_02">
    <failure type="org.testng.TestNGException" message="
Parameter &amp;apos;email&amp;apos; is required by @Test on method Tc_03_Login_Success but has not been marked @Optional or defined
in D:\Workspace Intel\maven-nopcommer\src\test\resources\runUserTestcase.xml">
      <![CDATA[org.testng.TestNGException: 
Parameter 'email' is required by @Test on method Tc_03_Login_Success but has not been marked @Optional or defined
in D:\Workspace Intel\maven-nopcommer\src\test\resources\runUserTestcase.xml
... Removed 28 stack frames]]>
    </failure>
  </testcase> <!-- Tc_03_Login_Success -->
</testsuite> <!-- Run On Chrome -->
