<!DOCTYPE html PUBLIC "-//W3C//DTD XHTML 1.1//EN" "http://www.w3.org/TR/xhtml11/DTD/xhtml11.dtd">
<html xmlns="http://www.w3.org/1999/xhtml">
<head>
<meta http-equiv="content-type" content="text/html; charset=UTF-8"/>
<title>TestNG Report</title>
<style type="text/css">table {margin-bottom:10px;border-collapse:collapse;empty-cells:show}th,td {border:1px solid #009;padding:.25em .5em}th {vertical-align:bottom}td {vertical-align:top}table a {font-weight:bold}.stripe td {background-color: #E6EBF9}.num {text-align:right}.passedodd td {background-color: #3F3}.passedeven td {background-color: #0A0}.skippedodd td {background-color: #DDD}.skippedeven td {background-color: #CCC}.failedodd td,.attn {background-color: #F33}.failedeven td,.stripe .attn {background-color: #D00}.stacktrace {white-space:pre;font-family:monospace}.totop {font-size:85%;text-align:center;border-bottom:2px solid #000}.invisible {display:none}</style>
</head>
<body>
<table>
<tr><th>Test</th><th># Passed</th><th># Skipped</th><th># Failed</th><th>Time (ms)</th><th>Included Groups</th><th>Excluded Groups</th></tr>
<tr><th colspan="7">Nop Commerce - user</th></tr>
<tr><td><a href="#t0">Run On Chrome</a></td><td class="num">1</td><td class="num">0</td><td class="num attn">2</td><td class="num">21,183</td><td></td><td></td></tr>
</table>
<table id='summary'><thead><tr><th>Class</th><th>Method</th><th>Start</th><th>Time (ms)</th></tr></thead><tbody><tr><th colspan="4">Nop Commerce - user</th></tr></tbody><tbody id="t0"><tr><th colspan="4">Run On Chrome &#8212; failed</th></tr><tr class="failedeven"><td rowspan="2">users.Level_19_Register_Login_Data_Test_02</td><td><a href="#m0">Tc_02_Register_Success</a></td><td rowspan="1">1628764318254</td><td rowspan="1">0</td></tr><tr class="failedeven"><td><a href="#m1">Tc_03_Login_Success</a></td><td rowspan="1">1628764318311</td><td rowspan="1">0</td></tr><tr><th colspan="4">Run On Chrome &#8212; passed</th></tr><tr class="passedeven"><td rowspan="1">users.Level_19_Register_Login_Data_Test_02</td><td><a href="#m2">Tc_01_Validate_At_Register</a></td><td rowspan="1">1628764313485</td><td rowspan="1">4412</td></tr></tbody>
</table>
<h2>Run On Chrome</h2><h3 id="m0">users.Level_19_Register_Login_Data_Test_02#Tc_02_Register_Success</h3><table class="result"><tr><th>Exception</th></tr><tr><td><div class="stacktrace">org.testng.TestNGException: 
Parameter &apos;firstName&apos; is required by @Test on method Tc_02_Register_Success but has not been marked @Optional or defined
in D:\Workspace Intel\maven-nopcommer\src\test\resources\runUserTestcase.xml
... Removed 28 stack frames</div></td></tr></table><p class="totop"><a href="#summary">back to summary</a></p>
<h3 id="m1">users.Level_19_Register_Login_Data_Test_02#Tc_03_Login_Success</h3><table class="result"><tr><th>Exception</th></tr><tr><td><div class="stacktrace">org.testng.TestNGException: 
Parameter &apos;email&apos; is required by @Test on method Tc_03_Login_Success but has not been marked @Optional or defined
in D:\Workspace Intel\maven-nopcommer\src\test\resources\runUserTestcase.xml
... Removed 28 stack frames</div></td></tr></table><p class="totop"><a href="#summary">back to summary</a></p>
<h3 id="m2">users.Level_19_Register_Login_Data_Test_02#Tc_01_Validate_At_Register</h3><table class="result"><tr><th class="invisible"/></tr></table><p class="totop"><a href="#summary">back to summary</a></p>
</body>
</html>
